



mothur v.1.39.5
Last updated: 3/20/2017

by
Patrick D. Schloss

Department of Microbiology & Immunology
University of Michigan
http://www.mothur.org

When using, please cite:
Schloss, P.D., et al., Introducing mothur: Open-source, platform-independent, community-supported software for describing and comparing microbial communities. Appl Environ Microbiol, 2009. 75(23):7537-41.

Distributed under the GNU General Public License

Type 'help()' for information on the commands that are available

For questions and analysis support, please visit our forum at https://www.mothur.org/forum

Type 'quit()' to exit program



mothur > classify.seqs(fasta=F:\NTM\analysis\mothur\stability.trim.contigs.good.unique.good.filter.unique.precluster.pick.fasta, count=F:\NTM\analysis\mothur\stability.trim.contigs.good.unique.good.filter.unique.precluster.denovo.uchime.pick.count_table, reference=F:\NTM\analysis\mothur\trainset9_032012.pds.fasta, taxonomy=F:\NTM\analysis\mothur\trainset9_032012.pds.tax, cutoff=80,processors=4)

Using 4 processors.
Reading template taxonomy...     DONE.
Reading template probabilities...     DONE.
It took 24 seconds get probabilities. 
Classifying sequences from F:\NTM\analysis\mothur\stability.trim.contigs.good.unique.good.filter.unique.precluster.pick.fasta ...
Reading template taxonomy...     Reading template taxonomy...     Reading template taxonomy...     DONE.
Reading template probabilities...     DONE.
DONE.
Reading template probabilities...     Reading template probabilities...     Processing sequence: 100
Processing sequence: 200
Processing sequence: 300
Processing sequence: 400
Processing sequence: 500
Processing sequence: 600
Processing sequence: 700
Processing sequence: 800
Processing sequence: 900
Processing sequence: 1000
Processing sequence: 1100
Processing sequence: 1200
Processing sequence: 1300
Processing sequence: 1400
Processing sequence: 1500
Processing sequence: 1600
Processing sequence: 1700
Processing sequence: 1800
Processing sequence: 1900
Processing sequence: 2000
Processing sequence: 2100
Processing sequence: 2200
Processing sequence: 2300
Processing sequence: 2400
Processing sequence: 2500
Processing sequence: 2600
DONE.
It took 41 seconds get probabilities. 
DONE.
It took 42 seconds get probabilities. 
DONE.
It took 42 seconds get probabilities. 
Processing sequence: 2700
Processing sequence: 100
Processing sequence: 100
Processing sequence: 100
Processing sequence: 2800
Processing sequence: 200
Processing sequence: 200
Processing sequence: 200
Processing sequence: 2900
Processing sequence: 300
Processing sequence: 300
Processing sequence: 300
Processing sequence: 3000
Processing sequence: 400
Processing sequence: 400
Processing sequence: 400
Processing sequence: 3100
Processing sequence: 500
Processing sequence: 500
Processing sequence: 500
Processing sequence: 3200
Processing sequence: 600
Processing sequence: 600
Processing sequence: 600
Processing sequence: 3300
Processing sequence: 700
Processing sequence: 700
Processing sequence: 700
Processing sequence: 3400
Processing sequence: 800
Processing sequence: 800
Processing sequence: 800
Processing sequence: 3500
Processing sequence: 900
Processing sequence: 900
Processing sequence: 900
Processing sequence: 3600
Processing sequence: 1000
Processing sequence: 1000
Processing sequence: 1000
Processing sequence: 3700
Processing sequence: 1100
Processing sequence: 1100
Processing sequence: 1100
Processing sequence: 3800
Processing sequence: 1200
Processing sequence: 1200
Processing sequence: 1200
Processing sequence: 3900
Processing sequence: 1300
Processing sequence: 1300
Processing sequence: 1300
Processing sequence: 4000
Processing sequence: 1400
Processing sequence: 1400
Processing sequence: 1400
Processing sequence: 4100
Processing sequence: 1500
Processing sequence: 1500
Processing sequence: 1500
Processing sequence: 4200
[WARNING]: M04695_5_000000000-ARDJ5_1_1114_12504_22072 could not be classified. You can use the remove.lineage command with taxon=unknown; to remove such sequences.
Processing sequence: 1600
Processing sequence: 1600
Processing sequence: 1600
Processing sequence: 4300
Processing sequence: 1700
Processing sequence: 1700
Processing sequence: 1700
Processing sequence: 4400
Processing sequence: 1800
Processing sequence: 1800
Processing sequence: 1800
Processing sequence: 4500
Processing sequence: 1900
Processing sequence: 1900
Processing sequence: 1900
Processing sequence: 4600
Processing sequence: 2000
Processing sequence: 2000
Processing sequence: 2000
Processing sequence: 4700
Processing sequence: 2100
Processing sequence: 2100
Processing sequence: 2100
Processing sequence: 4800
Processing sequence: 2200
Processing sequence: 2200
Processing sequence: 2200
Processing sequence: 4900
Processing sequence: 2300
Processing sequence: 2300
Processing sequence: 2300
Processing sequence: 5000
Processing sequence: 2400
Processing sequence: 2400
Processing sequence: 2400
Processing sequence: 5100
[WARNING]: M02127_141_000000000-AJMKM_1_1114_19016_26244 could not be classified. You can use the remove.lineage command with taxon=unknown; to remove such sequences.
Processing sequence: 2500
Processing sequence: 2500
Processing sequence: 2500
Processing sequence: 5200
Processing sequence: 2600
Processing sequence: 2600
Processing sequence: 2600
Processing sequence: 5300
Processing sequence: 2700
Processing sequence: 2700
Processing sequence: 2700
Processing sequence: 5400
Processing sequence: 2800
Processing sequence: 2800
Processing sequence: 2800
Processing sequence: 5500
Processing sequence: 2900
Processing sequence: 2900
Processing sequence: 2900
Processing sequence: 5600
Processing sequence: 3000
Processing sequence: 3000
Processing sequence: 3000
Processing sequence: 5700
Processing sequence: 3100
Processing sequence: 3100
Processing sequence: 5800
Processing sequence: 3100
Processing sequence: 3200
Processing sequence: 3200
Processing sequence: 5900
Processing sequence: 3200
Processing sequence: 3300
Processing sequence: 3300
Processing sequence: 6000
Processing sequence: 3300
Processing sequence: 3400
Processing sequence: 3400
Processing sequence: 6100
Processing sequence: 3400
Processing sequence: 3500
Processing sequence: 3500
Processing sequence: 6200
Processing sequence: 3500
Processing sequence: 3600
Processing sequence: 3600
Processing sequence: 6300
Processing sequence: 3600
Processing sequence: 3700
Processing sequence: 3700
Processing sequence: 6400
[WARNING]: M04695_102_000000000-B3PRL_1_1107_20379_16572 could not be classified. You can use the remove.lineage command with taxon=unknown; to remove such sequences.
Processing sequence: 3700
Processing sequence: 3800
Processing sequence: 3800
Processing sequence: 6500
Processing sequence: 3800
Processing sequence: 3900
Processing sequence: 3900
Processing sequence: 6600
Processing sequence: 3900
Processing sequence: 4000
Processing sequence: 4000
Processing sequence: 6700
Processing sequence: 4100
Processing sequence: 4000
Processing sequence: 4100
Processing sequence: 6800
Processing sequence: 4100
Processing sequence: 4200
Processing sequence: 4200
Processing sequence: 6900
Processing sequence: 4200
Processing sequence: 4300
Processing sequence: 4300
Processing sequence: 7000
[WARNING]: M02127_141_000000000-AJMKM_1_1106_7235_6010 could not be classified. You can use the remove.lineage command with taxon=unknown; to remove such sequences.
Processing sequence: 4400
Processing sequence: 4300
Processing sequence: 4400
[WARNING]: M02127_141_000000000-AJMKM_1_1109_9227_18497 could not be classified. You can use the remove.lineage command with taxon=unknown; to remove such sequences.
[WARNING]: M02127_141_000000000-AJMKM_1_1108_17524_14336 could not be classified. You can use the remove.lineage command with taxon=unknown; to remove such sequences.
[WARNING]: M02127_141_000000000-AJMKM_1_1104_5395_6785 could not be classified. You can use the remove.lineage command with taxon=unknown; to remove such sequences.
Processing sequence: 7100
Processing sequence: 4500
Processing sequence: 4400
Processing sequence: 4500
Processing sequence: 7200
Processing sequence: 4600
Processing sequence: 4600
Processing sequence: 4500
Processing sequence: 7300
Processing sequence: 4700
Processing sequence: 4600
Processing sequence: 4700
Processing sequence: 7400
Processing sequence: 4800
Processing sequence: 4800
Processing sequence: 4700
Processing sequence: 7500
Processing sequence: 4900
Processing sequence: 4800
Processing sequence: 4900
Processing sequence: 7600
Processing sequence: 5000
Processing sequence: 5000
Processing sequence: 4900
Processing sequence: 7700
Processing sequence: 5100
Processing sequence: 5100
Processing sequence: 5000
Processing sequence: 5200
Processing sequence: 7800
Processing sequence: 5200
Processing sequence: 5100
Processing sequence: 5300
Processing sequence: 7900
Processing sequence: 5300
Processing sequence: 5200
Processing sequence: 5400
Processing sequence: 8000
Processing sequence: 5400
Processing sequence: 5300
Processing sequence: 5500
Processing sequence: 8100
Processing sequence: 5500
Processing sequence: 5400
Processing sequence: 5600
Processing sequence: 8200
Processing sequence: 5600
Processing sequence: 5500
Processing sequence: 5700
Processing sequence: 8300
Processing sequence: 5700
Processing sequence: 5600
Processing sequence: 5800
Processing sequence: 8400
Processing sequence: 5800
Processing sequence: 5700
Processing sequence: 5900
Processing sequence: 8500
Processing sequence: 5900
Processing sequence: 5800
Processing sequence: 8600
Processing sequence: 6000
Processing sequence: 6000
Processing sequence: 5900
Processing sequence: 6100
Processing sequence: 8700
Processing sequence: 6100
Processing sequence: 6000
Processing sequence: 6200
Processing sequence: 8800
Processing sequence: 6200
Processing sequence: 6100
Processing sequence: 6300
Processing sequence: 8900
Processing sequence: 6300
Processing sequence: 6200
Processing sequence: 6400
Processing sequence: 9000
Processing sequence: 6400
Processing sequence: 6300
Processing sequence: 6500
Processing sequence: 6500
Processing sequence: 9100
Processing sequence: 6400
Processing sequence: 6600
Processing sequence: 6600
Processing sequence: 9200
Processing sequence: 6500
Processing sequence: 6700
Processing sequence: 9300
Processing sequence: 6700
Processing sequence: 6600
Processing sequence: 6800
Processing sequence: 9400
Processing sequence: 6800
Processing sequence: 6700
Processing sequence: 6900
Processing sequence: 9500
Processing sequence: 6900
Processing sequence: 6800
Processing sequence: 7000
Processing sequence: 9600
Processing sequence: 7000
Processing sequence: 6900
Processing sequence: 9700
Processing sequence: 7100
Processing sequence: 7100
Processing sequence: 7000
Processing sequence: 9800
Processing sequence: 7200
Processing sequence: 7200
Processing sequence: 7100
Processing sequence: 9900
Processing sequence: 7300
Processing sequence: 7300
Processing sequence: 7200
Processing sequence: 10000
Processing sequence: 7400
Processing sequence: 7400
Processing sequence: 7300
Processing sequence: 10100
Processing sequence: 7500
Processing sequence: 7500
Processing sequence: 10200
Processing sequence: 7400
Processing sequence: 7600
Processing sequence: 7600
Processing sequence: 10300
Processing sequence: 7500
Processing sequence: 7700
Processing sequence: 7700
Processing sequence: 10400
Processing sequence: 7600
Processing sequence: 7800
Processing sequence: 7800
Processing sequence: 10500
Processing sequence: 7700
Processing sequence: 7900
Processing sequence: 7900
Processing sequence: 10600
Processing sequence: 8000
Processing sequence: 8000
Processing sequence: 7800
Processing sequence: 10700
Processing sequence: 8100
Processing sequence: 8100
Processing sequence: 7900
Processing sequence: 10800
Processing sequence: 8200
Processing sequence: 8000
Processing sequence: 8200
Processing sequence: 10900
Processing sequence: 8300
Processing sequence: 8100
Processing sequence: 8300
Processing sequence: 11000
Processing sequence: 8400
Processing sequence: 8400
Processing sequence: 8200
Processing sequence: 11100
Processing sequence: 8500
Processing sequence: 8500
Processing sequence: 8300
Processing sequence: 11200
Processing sequence: 8600
Processing sequence: 8600
Processing sequence: 8400
Processing sequence: 11300
Processing sequence: 8700
Processing sequence: 8700
Processing sequence: 8500
Processing sequence: 11400
Processing sequence: 8800
Processing sequence: 8800
Processing sequence: 8600
Processing sequence: 8900
Processing sequence: 11500
Processing sequence: 8900
Processing sequence: 8700
Processing sequence: 9000
Processing sequence: 11600
Processing sequence: 9000
Processing sequence: 8800
Processing sequence: 9100
Processing sequence: 11700
Processing sequence: 9100
Processing sequence: 8900
Processing sequence: 9200
Processing sequence: 9000
Processing sequence: 9200
Processing sequence: 11800
Processing sequence: 9300
Processing sequence: 11900
Processing sequence: 9100
Processing sequence: 9300
Processing sequence: 9400
Processing sequence: 12000
Processing sequence: 9200
Processing sequence: 9400
Processing sequence: 9500
Processing sequence: 9300
Processing sequence: 12100
Processing sequence: 9500
Processing sequence: 9600
Processing sequence: 9400
Processing sequence: 9600
Processing sequence: 12200
Processing sequence: 9700
Processing sequence: 9500
Processing sequence: 12300
Processing sequence: 9700
Processing sequence: 9800
Processing sequence: 12400
Processing sequence: 9600
Processing sequence: 9800
Processing sequence: 9900
Processing sequence: 12500
Processing sequence: 9900
Processing sequence: 9700
Processing sequence: 12600
Processing sequence: 10000
Processing sequence: 9800
Processing sequence: 10000
Processing sequence: 12700
Processing sequence: 10100
Processing sequence: 10100
Processing sequence: 9900
Processing sequence: 12800
Processing sequence: 10200
Processing sequence: 10200
Processing sequence: 10000
Processing sequence: 12900
Processing sequence: 10300
Processing sequence: 10300
Processing sequence: 10100
Processing sequence: 13000
Processing sequence: 10400
Processing sequence: 10400
Processing sequence: 10200
Processing sequence: 13100
Processing sequence: 10500
Processing sequence: 10500
Processing sequence: 10300
Processing sequence: 13200
Processing sequence: 10600
Processing sequence: 10600
Processing sequence: 10400
Processing sequence: 10700
Processing sequence: 10700
Processing sequence: 13300
Processing sequence: 10500
Processing sequence: 10800
Processing sequence: 10800
Processing sequence: 13400
Processing sequence: 10600
Processing sequence: 10900
Processing sequence: 10900
Processing sequence: 13500
Processing sequence: 10700
Processing sequence: 11000
Processing sequence: 11000
Processing sequence: 13600
Processing sequence: 10800
Processing sequence: 11100
Processing sequence: 13700
Processing sequence: 11100
Processing sequence: 10900
Processing sequence: 11200
Processing sequence: 11200
Processing sequence: 13800
Processing sequence: 11000
Processing sequence: 11300
Processing sequence: 13900
Processing sequence: 11300
Processing sequence: 11100
Processing sequence: 14000
Processing sequence: 11400
Processing sequence: 11400
Processing sequence: 11200
Processing sequence: 14100
Processing sequence: 11500
Processing sequence: 11500
Processing sequence: 11300
Processing sequence: 14200
Processing sequence: 11600
Processing sequence: 11600
Processing sequence: 11400
Processing sequence: 14300
Processing sequence: 11700
Processing sequence: 11700
Processing sequence: 11500
Processing sequence: 14400
Processing sequence: 11800
Processing sequence: 11800
Processing sequence: 14500
Processing sequence: 11600
Processing sequence: 11900
Processing sequence: 11900
Processing sequence: 14600
Processing sequence: 11700
Processing sequence: 12000
[WARNING]: M04695_15_000000000-AT8EK_1_2109_16888_3839 could not be classified. You can use the remove.lineage command with taxon=unknown; to remove such sequences.
Processing sequence: 12000
Processing sequence: 14700
Processing sequence: 11800
Processing sequence: 12100
Processing sequence: 12100
Processing sequence: 14800
Processing sequence: 11900
Processing sequence: 12200
Processing sequence: 12200
Processing sequence: 14900
Processing sequence: 12000
Processing sequence: 12300
Processing sequence: 12300
Processing sequence: 15000
Processing sequence: 12400
Processing sequence: 12100
Processing sequence: 12400
Processing sequence: 15100
Processing sequence: 12500
Processing sequence: 12200
Processing sequence: 12500
Processing sequence: 15200
Processing sequence: 12600
Processing sequence: 12300
Processing sequence: 12600
Processing sequence: 15300
Processing sequence: 12400
Processing sequence: 12700
Processing sequence: 12700
Processing sequence: 15400
Processing sequence: 12500
Processing sequence: 12800
Processing sequence: 12800
Processing sequence: 15500
Processing sequence: 12900
Processing sequence: 12900
Processing sequence: 12600
Processing sequence: 15600
Processing sequence: 13000
Processing sequence: 13000
Processing sequence: 12700
Processing sequence: 15700
Processing sequence: 13100
Processing sequence: 13100
Processing sequence: 12800
Processing sequence: 15800
Processing sequence: 13200
Processing sequence: 13200
Processing sequence: 12900
Processing sequence: 15900
Processing sequence: 13300
Processing sequence: 13300
Processing sequence: 13000
Processing sequence: 16000
Processing sequence: 13400
Processing sequence: 13400
Processing sequence: 13100
Processing sequence: 16100
Processing sequence: 13200
Processing sequence: 13500
Processing sequence: 13500
Processing sequence: 16200
Processing sequence: 13300
Processing sequence: 13600
Processing sequence: 13600
Processing sequence: 16300
Processing sequence: 13400
Processing sequence: 13700
Processing sequence: 13700
Processing sequence: 16400
Processing sequence: 13500
Processing sequence: 13800
Processing sequence: 13800
Processing sequence: 16500
Processing sequence: 13600
Processing sequence: 13900
Processing sequence: 13900
Processing sequence: 16600
Processing sequence: 13700
Processing sequence: 14000
Processing sequence: 14000
Processing sequence: 16700
Processing sequence: 14100
Processing sequence: 13800
Processing sequence: 14100
Processing sequence: 16800
Processing sequence: 14200
Processing sequence: 13900
Processing sequence: 14200
Processing sequence: 16900
Processing sequence: 14000
Processing sequence: 14300
Processing sequence: 14300
Processing sequence: 17000
Processing sequence: 14400
Processing sequence: 14100
Processing sequence: 14400
Processing sequence: 17100
Processing sequence: 14200
Processing sequence: 14500
Processing sequence: 14500
Processing sequence: 17200
Processing sequence: 14300
Processing sequence: 14600
Processing sequence: 14600
Processing sequence: 17300
Processing sequence: 14400
Processing sequence: 14700
Processing sequence: 14700
Processing sequence: 17400
Processing sequence: 14500
Processing sequence: 14800
Processing sequence: 14800
Processing sequence: 17500
Processing sequence: 14600
Processing sequence: 14900
Processing sequence: 14900
Processing sequence: 17600
Processing sequence: 14700
Processing sequence: 15000
Processing sequence: 15000
Processing sequence: 17700
Processing sequence: 14800
Processing sequence: 15100
Processing sequence: 15100
Processing sequence: 17800
Processing sequence: 14900
Processing sequence: 15200
Processing sequence: 15200
Processing sequence: 15000
Processing sequence: 15300
Processing sequence: 17900
Processing sequence: 15300
[WARNING]: M02127_141_000000000-AJMKM_1_1113_26770_19575 could not be classified. You can use the remove.lineage command with taxon=unknown; to remove such sequences.
Processing sequence: 15100
Processing sequence: 15400
Processing sequence: 18000
Processing sequence: 15400
Processing sequence: 15500
Processing sequence: 15200
Processing sequence: 18100
Processing sequence: 15500
Processing sequence: 15600
Processing sequence: 15300
Processing sequence: 18200
Processing sequence: 15600
Processing sequence: 15700
Processing sequence: 15400
Processing sequence: 18300
Processing sequence: 15700
Processing sequence: 15800
Processing sequence: 18400
Processing sequence: 15500
Processing sequence: 15800
Processing sequence: 15900
Processing sequence: 15600
Processing sequence: 18500
Processing sequence: 15900
Processing sequence: 16000
Processing sequence: 15700
Processing sequence: 18600
Processing sequence: 16000
Processing sequence: 15800
Processing sequence: 16100
Processing sequence: 18700
Processing sequence: 16100
Processing sequence: 16200
Processing sequence: 15900
Processing sequence: 18800
Processing sequence: 16200
Processing sequence: 16000
Processing sequence: 18900
Processing sequence: 16300
Processing sequence: 18966
Processing sequence: 16300
Processing sequence: 16100
Processing sequence: 16400
Processing sequence: 16400
Processing sequence: 16200
Processing sequence: 16500
Processing sequence: 16500
Processing sequence: 16600
Processing sequence: 16300
Processing sequence: 16600
Processing sequence: 16700
Processing sequence: 16400
Processing sequence: 16700
Processing sequence: 16800
Processing sequence: 16500
Processing sequence: 16800
Processing sequence: 16600
Processing sequence: 16900
Processing sequence: 16900
Processing sequence: 16700
Processing sequence: 17000
Processing sequence: 17000
Processing sequence: 17100
Processing sequence: 16800
Processing sequence: 17100
Processing sequence: 16900
Processing sequence: 17200
Processing sequence: 17200
Processing sequence: 17300
Processing sequence: 17000
Processing sequence: 17300
Processing sequence: 17400
Processing sequence: 17100
Processing sequence: 17400
Processing sequence: 17500
Processing sequence: 17200
Processing sequence: 17500
Processing sequence: 17600
Processing sequence: 17300
Processing sequence: 17600
Processing sequence: 17700
Processing sequence: 17400
Processing sequence: 17700
Processing sequence: 17800
Processing sequence: 17500
Processing sequence: 17800
Processing sequence: 17900
Processing sequence: 17600
Processing sequence: 17900
Processing sequence: 18000
Processing sequence: 17700
Processing sequence: 18000
Processing sequence: 18100
Processing sequence: 17800
Processing sequence: 18100
Processing sequence: 18200
Processing sequence: 17900
Processing sequence: 18200
Processing sequence: 18300
Processing sequence: 18000
Processing sequence: 18300
Processing sequence: 18400
Processing sequence: 18100
Processing sequence: 18400
Processing sequence: 18500
Processing sequence: 18200
Processing sequence: 18500
Processing sequence: 18600
Processing sequence: 18300
Processing sequence: 18600
Processing sequence: 18700
Processing sequence: 18400
Processing sequence: 18700
Processing sequence: 18800
Processing sequence: 18500
Processing sequence: 18800
Processing sequence: 18900
Processing sequence: 18600
Processing sequence: 18900
Processing sequence: 18963
Processing sequence: 18700
Processing sequence: 18963
Processing sequence: 18800
Processing sequence: 18900
Processing sequence: 18963

It took 380 secs to classify 75855 sequences.

